2023-07-13 23:01:08,663 [INFO] Activator:176 - 


2023-07-13 23:01:08,664 [INFO] Activator:177 - !SESSION log4j initialized
2023-07-13 23:01:10,463 [INFO] LogOutputStream:77 - [STDOUT_REDIRECT] 
2023-07-13 23:01:31,874 [ERROR] LogOutputStream:75 - [STDERR_REDIRECT] SLF4J: Failed to load class "org.slf4j.impl.StaticLoggerBinder".
2023-07-13 23:01:31,875 [ERROR] LogOutputStream:75 - [STDERR_REDIRECT] SLF4J: Defaulting to no-operation (NOP) logger implementation
2023-07-13 23:01:31,875 [ERROR] LogOutputStream:75 - [STDERR_REDIRECT] SLF4J: See http://www.slf4j.org/codes.html#StaticLoggerBinder for further details.
2023-07-13 23:02:27,193 [ERROR] ConfigurationRetriever:142 - IOException on connection: Read timed out
2023-07-13 23:02:40,343 [INFO] Activator:176 - 


2023-07-13 23:02:40,344 [INFO] Activator:177 - !SESSION log4j initialized
2023-07-13 23:02:42,601 [INFO] LogOutputStream:77 - [STDOUT_REDIRECT] 
2023-07-13 23:02:44,951 [ERROR] ConfigurationRetriever:142 - IOException on connection: Read timed out
2023-07-13 23:03:03,558 [ERROR] LogOutputStream:75 - [STDERR_REDIRECT] SLF4J: Failed to load class "org.slf4j.impl.StaticLoggerBinder".
2023-07-13 23:03:03,558 [ERROR] LogOutputStream:75 - [STDERR_REDIRECT] SLF4J: Defaulting to no-operation (NOP) logger implementation
2023-07-13 23:03:03,560 [ERROR] LogOutputStream:75 - [STDERR_REDIRECT] SLF4J: See http://www.slf4j.org/codes.html#StaticLoggerBinder for further details.
2023-07-13 23:03:32,380 [ERROR] ConfigurationRetriever:142 - IOException on connection: Read timed out
2023-07-13 23:49:27,880 [INFO] Activator:176 - 


2023-07-13 23:49:27,882 [INFO] Activator:177 - !SESSION log4j initialized
2023-07-13 23:49:32,127 [INFO] LogOutputStream:77 - [STDOUT_REDIRECT] 
2023-07-13 23:49:33,829 [INFO] ApplicationProperties:184 - Using Application install path: C:\ST\STM32CubeIDE_1.12.1\STM32CubeIDE\plugins\com.st.stm32cube.common.mx_6.9.0.202307051724
2023-07-13 23:49:33,842 [INFO] DbMcusXml:78 - Set database path to: C:\ST\STM32CubeIDE_1.12.1\STM32CubeIDE\plugins\com.st.stm32cube.common.mx_6.9.0.202307051724\\db\/mcu/
2023-07-13 23:49:33,842 [INFO] ApiDb:274 - Set plugin database path to: C:\ST\STM32CubeIDE_1.12.1\STM32CubeIDE\plugins\com.st.stm32cube.common.mx_6.9.0.202307051724\\db\/plugins/boardmanager/
2023-07-13 23:49:33,842 [WARN] ApiDb:259 - Overriding images path with different value:  => C:\ST\STM32CubeIDE_1.12.1\STM32CubeIDE\plugins\com.st.stm32cube.common.mx_6.9.0.202307051724\\db\/plugins/mcufinder/images/
2023-07-13 23:49:34,503 [INFO] ApiDb:250 - Set database path to: C:\Users\ipave\.stmcufinder\plugins\mcufinder//mcu/
2023-07-13 23:49:34,504 [INFO] DbMcusAds:125 - Set database path to: C:\Users\ipave\.stmcufinder\plugins\mcufinder//mcu/
2023-07-13 23:49:34,505 [INFO] CrossReferenceDbSqlite:203 - Set database path to: C:\Users\ipave\.stmcufinder\plugins\mcufinder//mcu/cs/
2023-07-13 23:49:34,573 [INFO] RulesReader:64 - Compatibility file has been processed (293 Rules)
2023-07-13 23:49:34,633 [INFO] DbMcusXml:78 - Set database path to: C:\ST\STM32CubeIDE_1.12.1\STM32CubeIDE\plugins\com.st.stm32cube.common.mx_6.9.0.202307051724\\db\/mcu/
2023-07-13 23:49:34,633 [INFO] ApiDb:274 - Set plugin database path to: C:\ST\STM32CubeIDE_1.12.1\STM32CubeIDE\plugins\com.st.stm32cube.common.mx_6.9.0.202307051724\\db\/plugins/boardmanager/
2023-07-13 23:49:34,633 [INFO] ApiDb:261 - Set plugin images path to: C:\ST\STM32CubeIDE_1.12.1\STM32CubeIDE\plugins\com.st.stm32cube.common.mx_6.9.0.202307051724\\db\/plugins/mcufinder/images/
2023-07-13 23:49:34,633 [WARN] DbFile:41 - Overriding database path with different value: C:\Users\ipave\.stmcufinder\plugins\mcufinder/ => C:\Users\ipave\.stmcufinder\plugins\mcufinder
2023-07-13 23:49:34,633 [INFO] ApiDb:250 - Set database path to: C:\Users\ipave\.stmcufinder\plugins\mcufinder//mcu/
2023-07-13 23:49:34,633 [WARN] DbFile:41 - Overriding database path with different value: C:\Users\ipave\.stmcufinder\plugins\mcufinder/ => C:\Users\ipave\.stmcufinder\plugins\mcufinder
2023-07-13 23:49:34,633 [INFO] DbMcusAds:125 - Set database path to: C:\Users\ipave\.stmcufinder\plugins\mcufinder//mcu/
2023-07-13 23:49:34,634 [WARN] DbFile:41 - Overriding database path with different value: C:\Users\ipave\.stmcufinder\plugins\mcufinder/ => C:\Users\ipave\.stmcufinder\plugins\mcufinder
2023-07-13 23:49:34,634 [WARN] DbFile:41 - Overriding database path with different value: C:\Users\ipave\.stmcufinder\plugins\mcufinder/ => C:\Users\ipave\.stmcufinder\plugins\mcufinder
2023-07-13 23:49:34,634 [INFO] CrossReferenceDbSqlite:203 - Set database path to: C:\Users\ipave\.stmcufinder\plugins\mcufinder//mcu/cs/
2023-07-13 23:49:34,684 [INFO] MainPanel:262 - HeapMemory: 387973120
2023-07-13 23:49:34,729 [INFO] DbMcusXml:78 - Set database path to: C:\ST\STM32CubeIDE_1.12.1\STM32CubeIDE\plugins\com.st.stm32cube.common.mx_6.9.0.202307051724\\db\/mcu/
2023-07-13 23:49:34,729 [INFO] ApiDb:274 - Set plugin database path to: C:\ST\STM32CubeIDE_1.12.1\STM32CubeIDE\plugins\com.st.stm32cube.common.mx_6.9.0.202307051724\\db\/plugins/boardmanager/
2023-07-13 23:49:34,729 [INFO] ApiDb:261 - Set plugin images path to: C:\ST\STM32CubeIDE_1.12.1\STM32CubeIDE\plugins\com.st.stm32cube.common.mx_6.9.0.202307051724\\db\/plugins/mcufinder/images/
2023-07-13 23:49:34,729 [WARN] DbFile:41 - Overriding database path with different value: C:\Users\ipave\.stmcufinder\plugins\mcufinder/ => C:\Users\ipave\.stmcufinder\plugins\mcufinder
2023-07-13 23:49:34,729 [INFO] ApiDb:250 - Set database path to: C:\Users\ipave\.stmcufinder\plugins\mcufinder//mcu/
2023-07-13 23:49:34,730 [WARN] DbFile:41 - Overriding database path with different value: C:\Users\ipave\.stmcufinder\plugins\mcufinder/ => C:\Users\ipave\.stmcufinder\plugins\mcufinder
2023-07-13 23:49:34,730 [INFO] DbMcusAds:125 - Set database path to: C:\Users\ipave\.stmcufinder\plugins\mcufinder//mcu/
2023-07-13 23:49:34,730 [WARN] DbFile:41 - Overriding database path with different value: C:\Users\ipave\.stmcufinder\plugins\mcufinder/ => C:\Users\ipave\.stmcufinder\plugins\mcufinder
2023-07-13 23:49:34,730 [WARN] DbFile:41 - Overriding database path with different value: C:\Users\ipave\.stmcufinder\plugins\mcufinder/ => C:\Users\ipave\.stmcufinder\plugins\mcufinder
2023-07-13 23:49:34,730 [INFO] CrossReferenceDbSqlite:203 - Set database path to: C:\Users\ipave\.stmcufinder\plugins\mcufinder//mcu/cs/
2023-07-13 23:49:34,743 [INFO] ApplicationProperties:184 - Using Application install path: C:\ST\STM32CubeIDE_1.12.1\STM32CubeIDE\plugins\com.st.stm32cube.common.mx_6.9.0.202307051724
2023-07-13 23:49:34,744 [INFO] PluginManage:196 - Search for loadable plugins [exclusion list=, ]
2023-07-13 23:49:34,745 [INFO] PluginManage:310 - Check plugin analytics
2023-07-13 23:49:34,862 [INFO] AnalyticsPlugin:253 - Accepted Software Licenses: STM32CubeMX.6.8.1
2023-07-13 23:49:34,863 [INFO] AnalyticsPlugin:255 - Accepted CMSIS Pack Licenses: 
2023-07-13 23:49:34,863 [INFO] AnalyticsPlugin:257 - Accepted Firmware Licenses: FW.F4.1.27.0
2023-07-13 23:49:34,865 [INFO] PluginManage:359 - Loaded plugin analytics (category:tool,tabindex:-1)
2023-07-13 23:49:34,865 [INFO] PluginManage:310 - Check plugin cadmodel
2023-07-13 23:49:34,869 [INFO] CADModel:105 - Init CAD model plugin
2023-07-13 23:49:34,870 [INFO] PluginManage:359 - Loaded plugin cadmodel (category:power,tabindex:5)
2023-07-13 23:49:34,870 [INFO] PluginManage:310 - Check plugin clock
2023-07-13 23:49:34,878 [INFO] PluginManage:359 - Loaded plugin clock (category:base,tabindex:2)
2023-07-13 23:49:34,879 [INFO] PluginManage:310 - Check plugin ddr
2023-07-13 23:49:34,881 [INFO] PluginManage:359 - Loaded plugin ddr (category:tool,tabindex:6)
2023-07-13 23:49:34,881 [INFO] PluginManage:310 - Check plugin filemanager
2023-07-13 23:49:34,988 [INFO] PluginManage:359 - Loaded plugin filemanager (category:base,tabindex:10)
2023-07-13 23:49:34,988 [INFO] PluginManage:310 - Check plugin ipmanager
2023-07-13 23:49:34,994 [INFO] PluginManage:359 - Loaded plugin ipmanager (category:base,tabindex:5)
2023-07-13 23:49:34,994 [INFO] PluginManage:310 - Check plugin lpbam
2023-07-13 23:49:35,000 [INFO] PluginManage:359 - Loaded plugin lpbam (category:base,tabindex:0)
2023-07-13 23:49:35,001 [INFO] PluginManage:310 - Check plugin memorymap
2023-07-13 23:49:35,010 [INFO] PluginManage:359 - Loaded plugin memorymap (category:base,tabindex:4)
2023-07-13 23:49:35,010 [INFO] PluginManage:310 - Check plugin pinoutandconfiguration
2023-07-13 23:49:35,015 [INFO] PluginManage:359 - Loaded plugin pinoutandconfiguration (category:base,tabindex:1)
2023-07-13 23:49:35,015 [INFO] PluginManage:310 - Check plugin pinoutconfig
2023-07-13 23:49:35,085 [WARN] SupportedApi:132 - Cannot load RTOS API schema: s4s-elt-must-match.1: The content of 'definitions' must match (annotation?, (simpleType | complexType)?, (unique | key | keyref)*)). A problem was found starting at: attribute.
2023-07-13 23:49:35,165 [INFO] PluginManage:359 - Loaded plugin pinoutconfig (category:base,tabindex:0)
2023-07-13 23:49:35,165 [INFO] PluginManage:310 - Check plugin power
2023-07-13 23:49:35,169 [INFO] PluginManage:359 - Loaded plugin power (category:power,tabindex:4)
2023-07-13 23:49:35,169 [INFO] PluginManage:310 - Check plugin projectmanager
2023-07-13 23:49:35,181 [INFO] PluginManage:359 - Loaded plugin projectmanager (category:projectmanager,tabindex:3)
2023-07-13 23:49:35,181 [INFO] PluginManage:310 - Check plugin thirdparty
2023-07-13 23:49:35,276 [WARN] IntegrityCheckThread:84 - waiting for thirdparty lock release [integrity check]
2023-07-13 23:49:35,276 [INFO] IntegrityCheckThread:86 - entering critical section [integrity check]
2023-07-13 23:49:35,276 [INFO] PluginManage:359 - Loaded plugin thirdparty (category:base,tabindex:-1)
2023-07-13 23:49:35,276 [INFO] PluginManage:310 - Check plugin tools
2023-07-13 23:49:35,277 [INFO] ThirdPartyUpdaterWithRetryManager:70 - Updater plugin not ready yet. [1/15]
2023-07-13 23:49:35,278 [INFO] PluginManage:359 - Loaded plugin tools (category:base,tabindex:7)
2023-07-13 23:49:35,278 [INFO] PluginManage:310 - Check plugin tutovideos
2023-07-13 23:49:35,377 [INFO] PluginManage:359 - Loaded plugin tutovideos (category:base,tabindex:-1)
2023-07-13 23:49:35,377 [INFO] PluginManage:310 - Check plugin updater
2023-07-13 23:49:35,382 [INFO] PluginManage:359 - Loaded plugin updater (category:base,tabindex:12)
2023-07-13 23:49:35,383 [INFO] PluginManage:310 - Check plugin userauth
2023-07-13 23:49:35,385 [INFO] UserAuth:113 - Init User Auth plugin
2023-07-13 23:49:35,386 [INFO] PluginManage:359 - Loaded plugin userauth (category:base,tabindex:14)
2023-07-13 23:49:35,386 [INFO] PluginManage:283 - PluginManage : Loaded plugins [17]
2023-07-13 23:49:35,510 [INFO] PinOutPanel:1499 - setPackage(No Configuration,No Configuration)
2023-07-13 23:49:35,576 [INFO] CADModel:165 - CPN selected for project level
2023-07-13 23:49:35,576 [INFO] CADModel:114 - Register for checkConnection events
2023-07-13 23:49:35,585 [INFO] IPUIPlugin:80 - create IPUIPlugin
2023-07-13 23:49:35,585 [INFO] PluginManager:220 - loadIPPluginJar : add adc
2023-07-13 23:49:35,586 [INFO] IPUIPlugin:80 - create IPUIPlugin
2023-07-13 23:49:35,587 [INFO] PluginManager:220 - loadIPPluginJar : add aes
2023-07-13 23:49:35,588 [INFO] IPUIPlugin:80 - create IPUIPlugin
2023-07-13 23:49:35,588 [INFO] PluginManager:220 - loadIPPluginJar : add can
2023-07-13 23:49:35,589 [INFO] IPUIPlugin:80 - create IPUIPlugin
2023-07-13 23:49:35,589 [INFO] PluginManager:220 - loadIPPluginJar : add comp
2023-07-13 23:49:35,591 [INFO] IPUIPlugin:80 - create IPUIPlugin
2023-07-13 23:49:35,591 [INFO] PluginManager:220 - loadIPPluginJar : add cryp
2023-07-13 23:49:35,592 [INFO] IPUIPlugin:80 - create IPUIPlugin
2023-07-13 23:49:35,592 [INFO] PluginManager:220 - loadIPPluginJar : add dfsdm
2023-07-13 23:49:35,596 [INFO] IPUIPlugin:80 - create IPUIPlugin
2023-07-13 23:49:35,596 [INFO] PluginManager:220 - loadIPPluginJar : add dma
2023-07-13 23:49:35,597 [INFO] IPUIPlugin:80 - create IPUIPlugin
2023-07-13 23:49:35,597 [INFO] PluginManager:220 - loadIPPluginJar : add dma3
2023-07-13 23:49:35,598 [INFO] IPUIPlugin:80 - create IPUIPlugin
2023-07-13 23:49:35,598 [INFO] PluginManager:220 - loadIPPluginJar : add fatfs
2023-07-13 23:49:35,599 [INFO] IPUIPlugin:80 - create IPUIPlugin
2023-07-13 23:49:35,601 [INFO] PluginManager:220 - loadIPPluginJar : add fmc
2023-07-13 23:49:35,604 [INFO] IPUIPlugin:80 - create IPUIPlugin
2023-07-13 23:49:35,604 [INFO] PluginManager:220 - loadIPPluginJar : add freertos
2023-07-13 23:49:35,605 [INFO] IPUIPlugin:80 - create IPUIPlugin
2023-07-13 23:49:35,605 [INFO] PluginManager:220 - loadIPPluginJar : add genericplugin
2023-07-13 23:49:35,606 [INFO] IPUIPlugin:80 - create IPUIPlugin
2023-07-13 23:49:35,606 [INFO] PluginManager:220 - loadIPPluginJar : add gfxmmu
2023-07-13 23:49:35,611 [INFO] IPUIPlugin:80 - create IPUIPlugin
2023-07-13 23:49:35,612 [INFO] PluginManager:220 - loadIPPluginJar : add gic
2023-07-13 23:49:35,614 [INFO] IPUIPlugin:80 - create IPUIPlugin
2023-07-13 23:49:35,614 [INFO] PluginManager:220 - loadIPPluginJar : add gpio
2023-07-13 23:49:35,615 [INFO] IPUIPlugin:80 - create IPUIPlugin
2023-07-13 23:49:35,615 [INFO] PluginManager:220 - loadIPPluginJar : add gtzc
2023-07-13 23:49:35,616 [INFO] IPUIPlugin:80 - create IPUIPlugin
2023-07-13 23:49:35,616 [INFO] PluginManager:220 - loadIPPluginJar : add hash
2023-07-13 23:49:35,617 [INFO] IPUIPlugin:80 - create IPUIPlugin
2023-07-13 23:49:35,617 [INFO] PluginManager:220 - loadIPPluginJar : add i2c
2023-07-13 23:49:35,618 [INFO] IPUIPlugin:80 - create IPUIPlugin
2023-07-13 23:49:35,618 [INFO] PluginManager:220 - loadIPPluginJar : add i2s
2023-07-13 23:49:35,620 [INFO] IPUIPlugin:80 - create IPUIPlugin
2023-07-13 23:49:35,620 [INFO] PluginManager:220 - loadIPPluginJar : add i3c
2023-07-13 23:49:35,622 [INFO] IPUIPlugin:80 - create IPUIPlugin
2023-07-13 23:49:35,622 [INFO] PluginManager:220 - loadIPPluginJar : add ipddr
2023-07-13 23:49:35,626 [INFO] IPUIPlugin:80 - create IPUIPlugin
2023-07-13 23:49:35,627 [INFO] PluginManager:220 - loadIPPluginJar : add linkedlist
2023-07-13 23:49:35,628 [INFO] IPUIPlugin:80 - create IPUIPlugin
2023-07-13 23:49:35,628 [INFO] PluginManager:220 - loadIPPluginJar : add lorawan
2023-07-13 23:49:35,630 [INFO] IPUIPlugin:80 - create IPUIPlugin
2023-07-13 23:49:35,630 [INFO] PluginManager:220 - loadIPPluginJar : add ltdc
2023-07-13 23:49:35,633 [INFO] IPUIPlugin:80 - create IPUIPlugin
2023-07-13 23:49:35,633 [INFO] PluginManager:220 - loadIPPluginJar : add mdma
2023-07-13 23:49:35,637 [INFO] IPUIPlugin:80 - create IPUIPlugin
2023-07-13 23:49:35,637 [INFO] PluginManager:220 - loadIPPluginJar : add nvic
2023-07-13 23:49:35,641 [INFO] IPUIPlugin:80 - create IPUIPlugin
2023-07-13 23:49:35,641 [INFO] PluginManager:220 - loadIPPluginJar : add opamp
2023-07-13 23:49:35,644 [INFO] IPUIPlugin:80 - create IPUIPlugin
2023-07-13 23:49:35,644 [INFO] PluginManager:220 - loadIPPluginJar : add openamp
2023-07-13 23:49:35,646 [INFO] IPUIPlugin:80 - create IPUIPlugin
2023-07-13 23:49:35,647 [INFO] PluginManager:220 - loadIPPluginJar : add pdm2pcm
2023-07-13 23:49:35,654 [INFO] IPUIPlugin:80 - create IPUIPlugin
2023-07-13 23:49:35,657 [INFO] PluginManager:220 - loadIPPluginJar : add plateformsettings
2023-07-13 23:49:35,659 [INFO] IPUIPlugin:80 - create IPUIPlugin
2023-07-13 23:49:35,659 [INFO] PluginManager:220 - loadIPPluginJar : add quadspi
2023-07-13 23:49:35,663 [INFO] IPUIPlugin:80 - create IPUIPlugin
2023-07-13 23:49:35,664 [INFO] PluginManager:220 - loadIPPluginJar : add resmgrutility
2023-07-13 23:49:35,668 [INFO] IPUIPlugin:80 - create IPUIPlugin
2023-07-13 23:49:35,668 [INFO] PluginManager:220 - loadIPPluginJar : add sai
2023-07-13 23:49:35,670 [INFO] IPUIPlugin:80 - create IPUIPlugin
2023-07-13 23:49:35,670 [INFO] PluginManager:220 - loadIPPluginJar : add spi
2023-07-13 23:49:35,675 [INFO] IPUIPlugin:80 - create IPUIPlugin
2023-07-13 23:49:35,675 [INFO] PluginManager:220 - loadIPPluginJar : add stm32_wpan
2023-07-13 23:49:35,677 [INFO] IPUIPlugin:80 - create IPUIPlugin
2023-07-13 23:49:35,677 [INFO] PluginManager:220 - loadIPPluginJar : add tim
2023-07-13 23:49:35,680 [INFO] IPUIPlugin:80 - create IPUIPlugin
2023-07-13 23:49:35,681 [INFO] PluginManager:220 - loadIPPluginJar : add touchsensing
2023-07-13 23:49:35,683 [INFO] IPUIPlugin:80 - create IPUIPlugin
2023-07-13 23:49:35,683 [INFO] PluginManager:220 - loadIPPluginJar : add tracer_emb
2023-07-13 23:49:35,685 [INFO] IPUIPlugin:80 - create IPUIPlugin
2023-07-13 23:49:35,685 [INFO] PluginManager:220 - loadIPPluginJar : add ts
2023-07-13 23:49:35,687 [INFO] IPUIPlugin:80 - create IPUIPlugin
2023-07-13 23:49:35,687 [INFO] PluginManager:220 - loadIPPluginJar : add tsc
2023-07-13 23:49:35,689 [INFO] IPUIPlugin:80 - create IPUIPlugin
2023-07-13 23:49:35,690 [INFO] PluginManager:220 - loadIPPluginJar : add ucpd
2023-07-13 23:49:35,692 [INFO] IPUIPlugin:80 - create IPUIPlugin
2023-07-13 23:49:35,693 [INFO] PluginManager:220 - loadIPPluginJar : add usart
2023-07-13 23:49:35,698 [INFO] IPUIPlugin:80 - create IPUIPlugin
2023-07-13 23:49:35,698 [INFO] PluginManager:220 - loadIPPluginJar : add usbx
2023-07-13 23:49:35,812 [INFO] CADModel:165 - CPN selected for project level
2023-07-13 23:49:35,812 [INFO] CADModel:114 - Register for checkConnection events
2023-07-13 23:49:35,812 [FATAL] Updater:308 - Updater called before beeing initialized
2023-07-13 23:49:35,813 [ERROR] CADModel:125 - Updater not yet initialized, retry later 
2023-07-13 23:49:35,896 [INFO] CADModel:165 - CPN selected for project level
2023-07-13 23:49:35,896 [INFO] CADModel:114 - Register for checkConnection events
2023-07-13 23:49:35,896 [FATAL] Updater:308 - Updater called before beeing initialized
2023-07-13 23:49:35,896 [ERROR] CADModel:125 - Updater not yet initialized, retry later 
2023-07-13 23:49:35,899 [FATAL] Updater:308 - Updater called before beeing initialized
2023-07-13 23:49:35,979 [FATAL] Updater:308 - Updater called before beeing initialized
2023-07-13 23:49:35,987 [INFO] DbMcusAds:53 - JSON generation date=Tue Mar 07 05:50:55 ART 2023 (1678179055114)
2023-07-13 23:49:35,987 [FATAL] Updater:308 - Updater called before beeing initialized
2023-07-13 23:49:36,009 [WARN] DetailPanel:346 - Failed to get advertising image, set to default
2023-07-13 23:49:36,072 [FATAL] Updater:308 - Updater called before beeing initialized
2023-07-13 23:49:36,073 [FATAL] Updater:308 - Updater called before beeing initialized
2023-07-13 23:49:36,073 [FATAL] Updater:308 - Updater called before beeing initialized
2023-07-13 23:49:36,073 [WARN] DetailPanel:346 - Failed to get advertising image, set to default
2023-07-13 23:49:36,074 [FATAL] Updater:308 - Updater called before beeing initialized
2023-07-13 23:49:36,105 [ERROR] Updater:1120 - MainUpdater not yet initialized. External WinMGr cannot be set.
2023-07-13 23:49:36,106 [INFO] Updater:1056 - Updater Version found : 6.9.0
2023-07-13 23:49:36,120 [INFO] ApplicationProperties:184 - Using Application install path: C:\ST\STM32CubeIDE_1.12.1\STM32CubeIDE\plugins\com.st.stm32cube.common.mx_6.9.0.202307051724
2023-07-13 23:49:36,167 [INFO] MainUpdater:521 - Copy updater definitions from MX database
2023-07-13 23:49:37,101 [INFO] MainUpdater:2868 - connection check result : 10
2023-07-13 23:49:37,101 [INFO] MainUpdater:3562 - Updater definition file requires update
2023-07-13 23:49:37,102 [INFO] MainUpdater:285 - Updater Check For Update Now.
2023-07-13 23:49:37,102 [INFO] MicroXplorer:498 - Change Database Version : DB.6.0.90
2023-07-13 23:49:37,107 [INFO] McuFinderGlobals:63 - Set McuFinder mode to 2 (CubeIDE integrated)
2023-07-13 23:49:37,108 [INFO] UserAuth:179 - activating auth plugin
2023-07-13 23:49:37,109 [INFO] UserAuth:393 - Internet connection configuration mode: 1
2023-07-13 23:49:37,116 [INFO] JxBrowserEngine:151 - Initiate JxBrowser Engine with user profile folder
2023-07-13 23:49:38,278 [WARN] MainUpdater:1189 - Updater busy. Cannot search thirdparties
2023-07-13 23:49:38,278 [INFO] ThirdPartyUpdaterWithRetryManager:96 - Updater plugin is busy. [1/15]
2023-07-13 23:49:38,999 [INFO] ServerAccessManage:473 - Download File updaters.zip
2023-07-13 23:49:39,077 [INFO] FileExtend:240 - Unzip File : updaters.zip
2023-07-13 23:49:39,077 [INFO] FileExtend:255 - Standard Zip Deflate
2023-07-13 23:49:39,870 [INFO] WebApp:157 - Instantiating new browser for Auth
2023-07-13 23:49:40,171 [INFO] WebApp:753 - Register for checkConnection events
2023-07-13 23:49:40,171 [INFO] WebApp:390 - Apply proxy settings
2023-07-13 23:49:40,171 [INFO] WebApp:475 - Chromium requires no authentication
2023-07-13 23:49:40,176 [INFO] WebApp:418 - Direct internet connection detected
2023-07-13 23:49:40,262 [INFO] WebApp:188 - Starting web application
2023-07-13 23:49:40,262 [INFO] WebApp:520 - Web application path used C:\ST\STM32CubeIDE_1.12.1\STM32CubeIDE\plugins\com.st.stm32cube.common.mx_6.9.0.202307051724\db\plugins\mcufinder\reactClient1\index.html
2023-07-13 23:49:40,309 [INFO] ServerAccessManage:473 - Download File PacksControlFlags.xml
2023-07-13 23:49:41,266 [INFO] ServerAccessManage:473 - Download File cubemx.pidx
2023-07-13 23:49:41,278 [WARN] MainUpdater:1189 - Updater busy. Cannot search thirdparties
2023-07-13 23:49:41,278 [INFO] ThirdPartyUpdaterWithRetryManager:96 - Updater plugin is busy. [2/15]
2023-07-13 23:49:41,325 [INFO] LoadServerUpdatesThread:373 - End of LoadServerUpdate Thread
2023-07-13 23:49:41,487 [INFO] CheckServerUpdateThread:120 - End of CheckServer Thread
2023-07-13 23:49:44,354 [WARN] PackLoader:240 - Cannot read IP mode file for STMicroelectronics.X-CUBE-SMBUS.2.1.0
2023-07-13 23:49:44,378 [WARN] PackLoader:240 - Cannot read IP mode file for STMicroelectronics.X-CUBE-AZRTOS-F7.1.1.0
2023-07-13 23:49:44,394 [ERROR] RealEvaluatedCondition:428 - Found unsupported composite condition: GROUP='STM32_MetaDataManager' CLASS='Data Exchange'
2023-07-13 23:49:44,394 [ERROR] RealEvaluatedCondition:428 - Found unsupported composite condition: GROUP='STM32_MetaDataManager' CLASS='Data Exchange'
2023-07-13 23:49:44,395 [WARN] PackLoader:240 - Cannot read IP mode file for STMicroelectronics.FP-SNS-MOTENV1.4.3.0
2023-07-13 23:49:44,406 [WARN] PackLoader:240 - Cannot read IP mode file for STMicroelectronics.FP-SNS-MOTENV1.4.3.2
2023-07-13 23:49:44,414 [WARN] PackLoader:240 - Cannot read IP mode file for STMicroelectronics.FP-SNS-FLIGHT1.5.0.0
2023-07-13 23:49:44,421 [ERROR] RealEvaluatedCondition:428 - Found unsupported composite condition: CLASS='Data Exchange' GROUP='STM32_MetaDataManager'
2023-07-13 23:49:44,421 [ERROR] RealEvaluatedCondition:428 - Found unsupported composite condition: GROUP='STM32_MetaDataManager' CLASS='Data Exchange'
2023-07-13 23:49:44,422 [WARN] PackLoader:240 - Cannot read IP mode file for STMicroelectronics.FP-SNS-MOTENV1.4.3.1
2023-07-13 23:49:44,430 [WARN] PackLoader:240 - Cannot read IP mode file for STMicroelectronics.FP-SNS-FLIGHT1.5.0.1
2023-07-13 23:49:44,439 [WARN] PackLoader:240 - Cannot read IP mode file for STMicroelectronics.X-CUBE-BLE1.6.2.4
2023-07-13 23:49:44,449 [WARN] PackLoader:240 - Cannot read IP mode file for STMicroelectronics.X-CUBE-DISPLAY.3.0.0
2023-07-13 23:49:44,459 [WARN] PackLoader:240 - Cannot read IP mode file for STMicroelectronics.X-CUBE-TOUCHGFX.4.22.0
2023-07-13 23:49:44,470 [INFO] LogOutputStream:77 - [STDOUT_REDIRECT] 1 : Invalid condition id : UX_CORESTACK_Condition cause : null
2023-07-13 23:49:44,471 [INFO] LogOutputStream:77 - [STDOUT_REDIRECT] 1 : Invalid condition id : UX_CORESTACK_Condition cause : null
2023-07-13 23:49:44,471 [INFO] LogOutputStream:77 - [STDOUT_REDIRECT] 1 : Invalid condition id : UX_CORESTACK_Condition cause : null
2023-07-13 23:49:44,472 [INFO] LogOutputStream:77 - [STDOUT_REDIRECT] 1 : Invalid condition id : UX_CORESTACK_Condition cause : null
2023-07-13 23:49:44,472 [INFO] LogOutputStream:77 - [STDOUT_REDIRECT] 1 : Invalid condition id : UX_CORESTACK_Condition cause : null
2023-07-13 23:49:44,474 [WARN] PackLoader:240 - Cannot read IP mode file for STMicroelectronics.X-CUBE-AZRTOS-WL.2.0.0
2023-07-13 23:49:44,484 [WARN] PackLoader:240 - Cannot read IP mode file for WES.I-CUBE-Cesium.1.3.0
2023-07-13 23:49:44,491 [WARN] PackLoader:240 - Cannot read IP mode file for STMicroelectronics.X-CUBE-BLE2.3.3.0
2023-07-13 23:49:44,497 [WARN] PackLoader:240 - Cannot read IP mode file for STMicroelectronics.X-CUBE-TOUCHGFX.4.21.4
2023-07-13 23:49:44,504 [WARN] PackLoader:240 - Cannot read IP mode file for STMicroelectronics.X-CUBE-ALGOBUILD.1.3.0
2023-07-13 23:49:44,519 [WARN] PackLoader:240 - Cannot read IP mode file for STMicroelectronics.X-CUBE-AZRTOS-G0.1.1.0
2023-07-13 23:49:44,530 [WARN] PackLoader:240 - Cannot read IP mode file for STMicroelectronics.X-CUBE-NFC4.3.0.0
2023-07-13 23:49:44,539 [WARN] PackLoader:240 - Cannot read IP mode file for STMicroelectronics.FP-ATR-SIGFOX1.3.2.0
2023-07-13 23:49:44,563 [WARN] PackLoader:240 - Cannot read IP mode file for SEGGER.I-CUBE-embOS.1.3.1
2023-07-13 23:49:44,607 [WARN] PackLoader:240 - Cannot read IP mode file for STMicroelectronics.X-CUBE-GNSS1.6.0.0
2023-07-13 23:49:44,631 [WARN] PackLoader:240 - Cannot read IP mode file for STMicroelectronics.X-CUBE-AZRTOS-F4.1.1.0
2023-07-13 23:49:44,642 [WARN] PackLoader:240 - Cannot read IP mode file for wolfSSL.I-CUBE-wolfSSL.5.6.0
2023-07-13 23:49:44,672 [WARN] PackLoader:240 - Cannot read IP mode file for STMicroelectronics.X-CUBE-MEMS1.9.6.0
2023-07-13 23:49:44,768 [WARN] PackLoader:240 - Cannot read IP mode file for emotas.I-CUBE-CANOPEN.1.1.3
2023-07-13 23:49:44,779 [WARN] PackLoader:240 - Cannot read IP mode file for STMicroelectronics.X-CUBE-BLEMGR.2.0.0
2023-07-13 23:49:44,801 [WARN] ConditionMgr:438 - getConditionDescription Invalid condition id : UX DEVICE CLASS RTOS Condition cause : null
2023-07-13 23:49:44,801 [WARN] ConditionMgr:438 - getConditionDescription Invalid condition id : UX DEVICE CLASS RTOS Condition cause : null
2023-07-13 23:49:44,803 [WARN] PackLoader:240 - Cannot read IP mode file for STMicroelectronics.X-CUBE-AZRTOS-H7.3.1.0
2023-07-13 23:49:44,804 [WARN] ConditionMgr:1039 - genDependencies : Invalid condition id : UX DEVICE CLASS RTOS Condition cause : null
2023-07-13 23:49:44,804 [WARN] ConditionMgr:1039 - genDependencies : Invalid condition id : UX DEVICE CLASS RTOS Condition cause : null
2023-07-13 23:49:44,804 [WARN] ConditionMgr:1039 - genDependencies : Invalid condition id : UX DEVICE CLASS RTOS Condition cause : null
2023-07-13 23:49:44,804 [WARN] ConditionMgr:1039 - genDependencies : Invalid condition id : UX DEVICE CLASS RTOS Condition cause : null
2023-07-13 23:49:44,805 [WARN] ConditionMgr:1039 - genDependencies : Invalid condition id : UX DEVICE CLASS RTOS Condition cause : null
2023-07-13 23:49:44,814 [WARN] PackLoader:240 - Cannot read IP mode file for STMicroelectronics.X-CUBE-NFC7.1.0.1
2023-07-13 23:49:44,824 [WARN] PackLoader:240 - Cannot read IP mode file for STMicroelectronics.X-CUBE-NFC7.1.0.0
2023-07-13 23:49:44,837 [WARN] PackLoader:240 - Cannot read IP mode file for STMicroelectronics.X-CUBE-EEPRMA1.4.1.0
2023-07-13 23:49:44,857 [WARN] ConditionMgr:438 - getConditionDescription Invalid condition id : LAN8742 Phy interface Condition cause : null
2023-07-13 23:49:44,861 [WARN] PackLoader:240 - Cannot read IP mode file for STMicroelectronics.X-CUBE-AZRTOS-L4.2.0.0
2023-07-13 23:49:44,864 [WARN] ConditionMgr:1039 - genDependencies : Invalid condition id : LAN8742 Phy interface Condition cause : null
2023-07-13 23:49:44,864 [WARN] ConditionMgr:1039 - genDependencies : Invalid condition id : LAN8742 Phy interface Condition cause : null
2023-07-13 23:49:44,865 [WARN] ConditionMgr:1039 - genDependencies : Invalid condition id : LAN8742 Phy interface Condition cause : null
2023-07-13 23:49:44,878 [WARN] PackLoader:240 - Cannot read IP mode file for STMicroelectronics.X-CUBE-SFXS2LP1.4.0.0
2023-07-13 23:49:44,886 [WARN] PackLoader:240 - Cannot read IP mode file for STMicroelectronics.X-CUBE-ISPU.1.1.0
2023-07-13 23:49:44,895 [WARN] PackLoader:240 - Cannot read IP mode file for STMicroelectronics.X-CUBE-FREERTOS.1.0.1
2023-07-13 23:49:44,914 [WARN] PackLoader:240 - Cannot read IP mode file for STMicroelectronics.X-CUBE-AZRTOS-L5.1.1.0
2023-07-13 23:49:44,924 [WARN] PackLoader:240 - Cannot read IP mode file for STMicroelectronics.X-CUBE-AI.8.0.1
2023-07-13 23:49:44,938 [WARN] PackLoader:240 - Cannot read IP mode file for STMicroelectronics.X-CUBE-SUBG2.5.0.0
2023-07-13 23:49:44,957 [WARN] PackLoader:240 - Cannot read IP mode file for STMicroelectronics.X-CUBE-AZRTOS-G4.2.0.0
2023-07-13 23:49:44,969 [WARN] PackLoader:240 - Cannot read IP mode file for STMicroelectronics.X-CUBE-TOF1.3.3.0
2023-07-13 23:49:44,989 [WARN] PackLoader:240 - Cannot read IP mode file for STMicroelectronics.X-CUBE-AZRTOS-L4.1.0.0
2023-07-13 23:49:45,004 [WARN] PackLoader:240 - Cannot read IP mode file for STMicroelectronics.X-CUBE-AZRTOS-WL.1.0.0
2023-07-13 23:49:45,014 [WARN] PackLoader:240 - Cannot read IP mode file for portGmbH.I-Cube-SoM-uGOAL.1.1.0
2023-07-13 23:49:45,023 [WARN] PackLoader:240 - Cannot read IP mode file for STMicroelectronics.X-CUBE-ALS.1.0.1
2023-07-13 23:49:45,041 [WARN] PackLoader:240 - Cannot read IP mode file for STMicroelectronics.X-CUBE-AZRTOS-WB.1.1.0
2023-07-13 23:49:45,055 [WARN] PackLoader:240 - Cannot read IP mode file for STMicroelectronics.FP-ATR-ASTRA1.2.0.0
2023-07-13 23:49:45,055 [INFO] ThirdParty:978 - Integrity check success = true
2023-07-13 23:49:45,055 [INFO] IntegrityCheckThread:100 - exiting critical section [integrity check]
2023-07-13 23:49:45,055 [INFO] IntegrityCheckThread:103 - End integrity checks thread
2023-07-13 23:50:00,698 [ERROR] LogOutputStream:75 - [STDERR_REDIRECT] SLF4J: Failed to load class "org.slf4j.impl.StaticLoggerBinder".
2023-07-13 23:50:00,698 [ERROR] LogOutputStream:75 - [STDERR_REDIRECT] SLF4J: Defaulting to no-operation (NOP) logger implementation
2023-07-13 23:50:00,700 [ERROR] LogOutputStream:75 - [STDERR_REDIRECT] SLF4J: See http://www.slf4j.org/codes.html#StaticLoggerBinder for further details.
